make all --print-data-base --no-builtin-variables --no-builtin-rules --question
# GNU Make 4.3
# Built for aarch64-alpine-linux-musl
# Copyright (C) 1988-2020 Free Software Foundation, Inc.
# License GPLv3+: GNU GPL version 3 or later <http://gnu.org/licenses/gpl.html>
# This is free software: you are free to change and redistribute it.
# There is NO WARRANTY, to the extent permitted by law.

# Make data base, printed on Mon Oct  3 14:54:28 2022

# Variables

# environment
REMOTE_CONTAINERS_SOCKETS = ["/tmp/vscode-ssh-auth-b8aba1dd8a5589f929d5069200d1829cec0bb0a0.sock","/root/.gnupg/S.gpg-agent"]
# makefile (from 'Makefile', line 165)
KUSTOMIZE_VERSION = v4.4.1
# environment
GO111MODULE = on
# environment
LC_ALL = C
# makefile (from 'Makefile', line 25)
BUNDLE_METADATA_OPTS = $(BUNDLE_CHANNELS) $(BUNDLE_DEFAULT_CHANNEL)
# environment
VSCODE_CWD = /vscode/vscode-server/bin/alpine-arm64/74b1f979648cc44d385a2286793c226e611f59e7
# default
MAKE_COMMAND := make
# environment
VSCODE_HANDLES_SIGPIPE = true
# makefile (from 'Makefile', line 39)
BUNDLE_GEN_FLAGS = -q --overwrite --version $(VERSION) $(BUNDLE_METADATA_OPTS)
# environment
GOPATH = /go
# automatic
@D = $(patsubst %/,%,$(dir $@))
# environment
VSCODE_HANDLES_UNCAUGHT_ERRORS = true
# default
.VARIABLES := 
# environment
PWD = /workspaces/urlshortener
# automatic
%D = $(patsubst %/,%,$(dir $%))
# environment
HOSTNAME = f888c1474972
# environment
PS1 = \h:\w\$ 
# automatic
^D = $(patsubst %/,%,$(dir $^))
# automatic
%F = $(notdir $%)
# makefile (from 'Makefile', line 36)
BUNDLE_IMG = $(IMAGE_TAG_BASE)-bundle:v$(VERSION)
# environment
LANG = C
# default
.LOADED := 
# default
.INCLUDE_DIRS = /usr/include /usr/include
# makefile
MAKEFLAGS = pqrR
# environment
GOLANG_VERSION = 1.19
# makefile (from 'Makefile', line 168)
KUSTOMIZE_INSTALL_SCRIPT = "https://raw.githubusercontent.com/kubernetes-sigs/kustomize/master/hack/install_kustomize.sh"
# makefile
CURDIR := /workspaces/urlshortener
# environment
APPLICATION_INSIGHTS_NO_DIAGNOSTIC_CHANNEL = 1
# automatic
*D = $(patsubst %/,%,$(dir $*))
# makefile (from 'Makefile', line 6)
VERSION = 0.0.1
# environment
MFLAGS = -pqrR
# environment
SSH_AUTH_SOCK = /tmp/vscode-ssh-auth-b8aba1dd8a5589f929d5069200d1829cec0bb0a0.sock
# makefile (from 'Makefile', line 65)
.SHELLFLAGS = -ec
# automatic
+D = $(patsubst %/,%,$(dir $+))
# makefile (from 'Makefile', line 1)
MAKEFILE_LIST := Makefile
# automatic
@F = $(notdir $@)
# environment
LC_COLLATE = C
# automatic
?D = $(patsubst %/,%,$(dir $?))
# makefile (from 'Makefile', line 32)
IMAGE_TAG_BASE = av0.de/urlshortener
# automatic
*F = $(notdir $*)
# makefile (from 'Makefile', line 221)
CATALOG_IMG = $(IMAGE_TAG_BASE)-catalog:v$(VERSION)
# makefile (from 'Makefile', line 132)
ignore-not-found = false
# automatic
<D = $(patsubst %/,%,$(dir $<))
# makefile (from 'Makefile', line 161)
CONTROLLER_GEN = $(LOCALBIN)/controller-gen
# environment
VSCODE_NLS_CONFIG = {"locale":"en","availableLanguages":{}}
# default
MAKE_HOST := aarch64-alpine-linux-musl
# makefile (from 'Makefile', line 67)
CRD_OPTIONS = "crd:trivialVersions=true,crdVersions=v1"
# makefile (from 'Makefile', line 64)
SHELL = /usr/bin/env bash -o pipefail
# default
MAKECMDGOALS := all
# environment
SHLVL = 3
# environment
MAKELEVEL := 0
# default
MAKE = $(MAKE_COMMAND)
# environment
PATH = /vscode/vscode-server/bin/alpine-arm64/74b1f979648cc44d385a2286793c226e611f59e7/bin/remote-cli:/go/bin:/usr/local/go/bin:/usr/local/sbin:/usr/local/bin:/usr/sbin:/usr/bin:/sbin:/bin
# makefile (from 'Makefile', line 160)
KUSTOMIZE = $(LOCALBIN)/kustomize
# default
MAKEFILES := 
# automatic
^F = $(notdir $^)
# makefile (from 'Makefile', line 52)
ENVTEST_K8S_VERSION = 1.24.1
# makefile (from 'Makefile', line 218)
BUNDLE_IMGS = $(BUNDLE_IMG)
# makefile (from 'Makefile', line 56)
GOBIN = $(shell go env GOPATH)/bin
# makefile (from 'Makefile', line 166)
CONTROLLER_TOOLS_VERSION = v0.9.0
# environment
REMOTE_CONTAINERS_IPC = /tmp/vscode-remote-containers-ipc-b8aba1dd8a5589f929d5069200d1829cec0bb0a0.sock
# environment
REMOTE_CONTAINERS = true
# automatic
?F = $(notdir $?)
# makefile (from 'Makefile', line 50)
IMG = controller:latest
# automatic
+F = $(notdir $+)
# 'override' directive
GNUMAKEFLAGS := 
# environment
BROWSER = /vscode/vscode-server/bin/alpine-arm64/74b1f979648cc44d385a2286793c226e611f59e7/bin/helpers/browser.sh
# makefile
.DEFAULT_GOAL := all
# environment
EDITOR = vim
# default
MAKE_VERSION := 4.3
# 'override' directive
.SHELLSTATUS := 1
# makefile (from 'Makefile', line 200)
OPM = ./bin/opm
# environment
CHARSET = UTF-8
# environment
PAGER = less
# environment
VSCODE_AGENT_FOLDER = /root/.vscode-server
# environment
VSCODE_IPC_HOOK_CLI = /tmp/vscode-ipc-c7ec98aa-892d-40c1-82b1-b04ac39a72f7.sock
# environment
GOMODCACHE = /go/pkg/mod
# environment
VSCODE_AMD_ENTRYPOINT = vs/workbench/api/node/extensionHostProcess
# environment
HOME = /root
# makefile (from 'Makefile', line 162)
ENVTEST = $(LOCALBIN)/setup-envtest
# environment
ELECTRON_RUN_AS_NODE = 1
# environment
TERM = xterm
# environment
GOPROXY = https://proxy.golang.org,direct
# default
.RECIPEPREFIX := 
# automatic
<F = $(notdir $<)
# default
SUFFIXES := 
# makefile (from 'Makefile', line 155)
LOCALBIN = $(shell pwd)/bin
# default
.FEATURES := target-specific order-only second-expansion else-if shortest-stem undefine oneshell nocomment grouped-target extra-prereqs archives jobserver output-sync check-symlink load
# makefile (from 'Makefile', line 44)
USE_IMAGE_DIGESTS = false
# variable set hash-table stats:
# Load=89/1024=9%, Rehash=0, Collisions=10/213=5%

# Pattern-specific Variable Values

# No pattern-specific variable values.

# Directories

# . (device 135, inode 6): 26 files, no impossibilities.

# 26 files, no impossibilities in 1 directories.

# Implicit Rules

# No implicit rules.

# Files

deploy: manifests kustomize
#  Phony target (prerequisite of .PHONY).
#  Implicit rule search has not been done.
#  File does not exist.
#  File has not been updated.
#  recipe to execute (from 'Makefile', line 145):
	cd config/urlshortener && $(KUSTOMIZE) edit set image controller=${IMG}
	$(KUSTOMIZE) build config/default | kubectl apply -f -

.PHONE: swag
#  Implicit rule search has not been done.
#  Modification time never checked.
#  File has not been updated.

/workspaces/urlshortener/bin/controller-gen: /workspaces/urlshortener/bin
#  Implicit rule search has not been done.
#  Last modified 2022-09-10 19:42:15.893768
#  File has been updated.
#  Successfully updated.
#  recipe to execute (from 'Makefile', line 177):
	GOBIN=$(LOCALBIN) go install sigs.k8s.io/controller-tools/cmd/controller-gen@$(CONTROLLER_TOOLS_VERSION)

catalog-build: opm
#  Phony target (prerequisite of .PHONY).
#  Implicit rule search has not been done.
#  File does not exist.
#  File has not been updated.
#  recipe to execute (from 'Makefile', line 233):
	$(OPM) index add --container-tool docker --mode semver --tag $(CATALOG_IMG) --bundles $(BUNDLE_IMGS) $(FROM_INDEX_OPT)

opm:
#  Phony target (prerequisite of .PHONY).
#  Implicit rule search has not been done.
#  File does not exist.
#  File has not been updated.
#  recipe to execute (from 'Makefile', line 204):
	@{ \
	set -e ;\
	mkdir -p $(dir $(OPM)) ;\
	OS=$(shell go env GOOS) && ARCH=$(shell go env GOARCH) && \
	curl -sSLo $(OPM) https://github.com/operator-framework/operator-registry/releases/download/v1.23.0/$${OS}-$${ARCH}-opm ;\
	chmod +x $(OPM) ;\
	}

# 'override' directive
generate: .SHELLSTATUS := 0
generate: controller-gen
#  Phony target (prerequisite of .PHONY).
#  Implicit rule search has not been done.
#  Implicit/static pattern stem: ''
#  File does not exist.
#  File has been updated.
#  Needs to be updated (-q is set).
# automatic
# @ := generate
# automatic
# * := 
# automatic
# < := controller-gen
# automatic
# + := controller-gen
# automatic
# % := 
# automatic
# ^ := controller-gen
# automatic
# ? := controller-gen
# automatic
# | := 
# variable set hash-table stats:
# Load=9/32=28%, Rehash=0, Collisions=2/17=12%
#  recipe to execute (from 'Makefile', line 97):
	$(CONTROLLER_GEN) object:headerFile="hack/boilerplate.go.txt" paths="./..."

bundle: manifests kustomize
#  Phony target (prerequisite of .PHONY).
#  Implicit rule search has not been done.
#  File does not exist.
#  File has not been updated.
#  recipe to execute (from 'Makefile', line 186):
	operator-sdk generate kustomize manifests -q
	cd config/urlshortener && $(KUSTOMIZE) edit set image controller=$(IMG)
	$(KUSTOMIZE) build config/manifests | operator-sdk generate bundle $(BUNDLE_GEN_FLAGS)
	operator-sdk bundle validate ./bundle

undeploy:
#  Phony target (prerequisite of .PHONY).
#  Implicit rule search has not been done.
#  File does not exist.
#  File has not been updated.
#  recipe to execute (from 'Makefile', line 150):
	$(KUSTOMIZE) build config/default | kubectl delete --ignore-not-found=$(ignore-not-found) -f -

# Not a target:
Makefile:
#  Implicit rule search has been done.
#  Last modified 2022-09-01 21:23:09.502310882
#  File has been updated.
#  Successfully updated.

/workspaces/urlshortener/bin/setup-envtest: /workspaces/urlshortener/bin
#  Implicit rule search has not been done.
#  Modification time never checked.
#  File has not been updated.
#  recipe to execute (from 'Makefile', line 182):
	GOBIN=$(LOCALBIN) go install sigs.k8s.io/controller-runtime/tools/setup-envtest@latest

kustomize: /workspaces/urlshortener/bin/kustomize
#  Phony target (prerequisite of .PHONY).
#  Implicit rule search has not been done.
#  File does not exist.
#  File has not been updated.

swag:
#  Implicit rule search has not been done.
#  Modification time never checked.
#  File has not been updated.
#  recipe to execute (from 'Makefile', line 252):
	swag init

uninstall: manifests kustomize
#  Phony target (prerequisite of .PHONY).
#  Implicit rule search has not been done.
#  File does not exist.
#  File has not been updated.
#  recipe to execute (from 'Makefile', line 141):
	$(KUSTOMIZE) build config/crd | kubectl delete --ignore-not-found=$(ignore-not-found) -f -

/workspaces/urlshortener/bin:
#  Implicit rule search has not been done.
#  Last modified 2022-09-10 19:38:48.549243339
#  File has been updated.
#  Successfully updated.
#  recipe to execute (from 'Makefile', line 157):
	mkdir -p $(LOCALBIN)

/workspaces/urlshortener/bin/kustomize: /workspaces/urlshortener/bin
#  Implicit rule search has not been done.
#  Modification time never checked.
#  File has not been updated.
#  recipe to execute (from 'Makefile', line 172):
	curl -s $(KUSTOMIZE_INSTALL_SCRIPT) | bash -s -- $(subst v,,$(KUSTOMIZE_VERSION)) $(LOCALBIN)

full: manifests generate docker-build docker-push deploy restart
#  Phony target (prerequisite of .PHONY).
#  Implicit rule search has not been done.
#  File does not exist.
#  File has not been updated.

envtest: /workspaces/urlshortener/bin/setup-envtest
#  Phony target (prerequisite of .PHONY).
#  Implicit rule search has not been done.
#  File does not exist.
#  File has not been updated.

controller-gen: /workspaces/urlshortener/bin/controller-gen
#  Phony target (prerequisite of .PHONY).
#  Implicit rule search has not been done.
#  File does not exist.
#  File has been updated.
#  Successfully updated.

bundle-build:
#  Phony target (prerequisite of .PHONY).
#  Implicit rule search has not been done.
#  File does not exist.
#  File has not been updated.
#  recipe to execute (from 'Makefile', line 193):
	docker build -f bundle.Dockerfile -t $(BUNDLE_IMG) .

fmt:
#  Phony target (prerequisite of .PHONY).
#  Implicit rule search has not been done.
#  File does not exist.
#  File has not been updated.
#  recipe to execute (from 'Makefile', line 101):
	go fmt ./...

bundle-push:
#  Phony target (prerequisite of .PHONY).
#  Implicit rule search has not been done.
#  File does not exist.
#  File has not been updated.
#  recipe to execute (from 'Makefile', line 197):
	$(MAKE) docker-push IMG=$(BUNDLE_IMG)

manifests: controller-gen
#  Phony target (prerequisite of .PHONY).
#  Implicit rule search has not been done.
#  File does not exist.
#  File has not been updated.
#  recipe to execute (from 'Makefile', line 93):
	$(CONTROLLER_GEN) rbac:roleName=urlshortener-role crd webhook paths="./..." output:crd:artifacts:config=config/crd/bases

# Not a target:
.DEFAULT:
#  Implicit rule search has not been done.
#  Modification time never checked.
#  File has not been updated.

all: build
#  Phony target (prerequisite of .PHONY).
#  Command line target.
#  Implicit rule search has not been done.
#  File does not exist.
#  File has been updated.
#  Needs to be updated (-q is set).
# variable set hash-table stats:
# Load=0/32=0%, Rehash=0, Collisions=0/8=0%

run: manifests generate fmt vet swag
#  Phony target (prerequisite of .PHONY).
#  Implicit rule search has not been done.
#  File does not exist.
#  File has not been updated.
#  recipe to execute (from 'Makefile', line 119):
	go run ./main.go

help:
#  Phony target (prerequisite of .PHONY).
#  Implicit rule search has not been done.
#  File does not exist.
#  File has not been updated.
#  recipe to execute (from 'Makefile', line 87):
	@awk 'BEGIN {FS = ":.*##"; printf "\nUsage:\n  make \033[36m<target>\033[0m\n"} /^[a-zA-Z_0-9-]+:.*?##/ { printf "  \033[36m%-15s\033[0m %s\n", $$1, $$2 } /^##@/ { printf "\n\033[1m%s\033[0m\n", substr($$0, 5) } ' $(MAKEFILE_LIST)

vet:
#  Phony target (prerequisite of .PHONY).
#  Implicit rule search has not been done.
#  File does not exist.
#  File has not been updated.
#  recipe to execute (from 'Makefile', line 105):
	go vet ./...

build: generate fmt vet swag
#  Phony target (prerequisite of .PHONY).
#  Implicit rule search has not been done.
#  File does not exist.
#  File has been updated.
#  Needs to be updated (-q is set).
# variable set hash-table stats:
# Load=0/32=0%, Rehash=0, Collisions=0/8=0%
#  recipe to execute (from 'Makefile', line 115):
	go build -o bin/urlshortener main.go

restart:
#  Phony target (prerequisite of .PHONY).
#  Implicit rule search has not been done.
#  File does not exist.
#  File has not been updated.
#  recipe to execute (from 'Makefile', line 243):
	kubectl rollout restart deployment -n urlshortener urlshortener

update-gomod:
#  Phony target (prerequisite of .PHONY).
#  Implicit rule search has not been done.
#  File does not exist.
#  File has not been updated.
#  recipe to execute (from 'Makefile', line 248):
	go get -u .

test: manifests generate fmt vet envtest swag
#  Phony target (prerequisite of .PHONY).
#  Implicit rule search has not been done.
#  File does not exist.
#  File has not been updated.
#  recipe to execute (from 'Makefile', line 109):
	KUBEBUILDER_ASSETS="$(shell $(ENVTEST) use $(ENVTEST_K8S_VERSION) -p path)" go test ./... -coverprofile cover.out

docker-push:
#  Phony target (prerequisite of .PHONY).
#  Implicit rule search has not been done.
#  File does not exist.
#  File has not been updated.
#  recipe to execute (from 'Makefile', line 127):
	docker push ${IMG}

install: manifests kustomize
#  Phony target (prerequisite of .PHONY).
#  Implicit rule search has not been done.
#  File does not exist.
#  File has not been updated.
#  recipe to execute (from 'Makefile', line 137):
	$(KUSTOMIZE) build config/crd | kubectl apply -f -

docker-build: test swag
#  Phony target (prerequisite of .PHONY).
#  Implicit rule search has not been done.
#  File does not exist.
#  File has not been updated.
#  recipe to execute (from 'Makefile', line 123):
	docker build -t ${IMG} .

catalog-push:
 
#  Phony target (prerequisite of .PHONY).
#  Implicit rule search has not been done.
#  File does not exist.
#  File has not been updated.
#  recipe to execute (from 'Makefile', line 238):
	$(MAKE) docker-push IMG=$(CATALOG_IMG)

# Not a target:
.SUFFIXES:
#  Implicit rule search has not been done.
#  Modification time never checked.
#  File has not been updated.

.PHONY: all help manifests generate fmt vet test build run docker-build docker-push install uninstall deploy undeploy kustomize controller-gen envtest bundle bundle-build bundle-push opm catalog-build catalog-push restart update-gomod full
#  Implicit rule search has not been done.
#  Modification time never checked.
#  File has not been updated.

# files hash-table stats:
# Load=37/1024=4%, Rehash=0, Collisions=4/174=2%
# VPATH Search Paths

# No 'vpath' search paths.

# No general ('VPATH' variable) search path.

# strcache buffers: 1 (0) / strings = 63 / storage = 640 B / avg = 10 B
# current buf: size = 8162 B / used = 640 B / count = 63 / avg = 10 B

# strcache performance: lookups = 224 / hit rate = 71%
# hash-table stats:
# Load=63/8192=1%, Rehash=0, Collisions=3/224=1%
# Finished Make data base on Mon Oct  3 14:54:28 2022

 
